2021-01-17 21:05:16,249:INFO:PyCaret Supervised Module
2021-01-17 21:05:16,254:INFO:ML Usecase: classification
2021-01-17 21:05:16,254:INFO:version 2.2.3
2021-01-17 21:05:16,254:INFO:Initializing setup()
2021-01-17 21:05:16,255:INFO:setup(target=c, ml_usecase=classification, available_plots={'parameter': 'Hyperparameters', 'auc': 'AUC', 'confusion_matrix': 'Confusion Matrix', 'threshold': 'Threshold', 'pr': 'Precision Recall', 'error': 'Prediction Error', 'class_report': 'Class Report', 'rfe': 'Feature Selection', 'learning': 'Learning Curve', 'manifold': 'Manifold Learning', 'calibration': 'Calibration Curve', 'vc': 'Validation Curve', 'dimension': 'Dimensions', 'feature': 'Feature Importance', 'feature_all': 'Feature Importance (All)', 'boundary': 'Decision Boundary', 'lift': 'Lift Chart', 'gain': 'Gain Chart', 'tree': 'Decision Tree'}, train_size=0.7, test_data=None, preprocess=True, imputation_type=simple, iterative_imputation_iters=5, categorical_features=None, categorical_imputation=constant, categorical_iterative_imputer=lightgbm, ordinal_features=None, high_cardinality_features=None, high_cardinality_method=frequency, numeric_features=None, numeric_imputation=mean, numeric_iterative_imputer=lightgbm, date_features=None, ignore_features=None, normalize=False, normalize_method=zscore, transformation=False, transformation_method=yeo-johnson, handle_unknown_categorical=True, unknown_categorical_method=least_frequent, pca=False, pca_method=linear, pca_components=None, ignore_low_variance=False, combine_rare_levels=False, rare_level_threshold=0.1, bin_numeric_features=None, remove_outliers=False, outliers_threshold=0.05, remove_multicollinearity=False, multicollinearity_threshold=0.9, remove_perfect_collinearity=True, create_clusters=False, cluster_iter=20, polynomial_features=False, polynomial_degree=2, trigonometry_features=False, polynomial_threshold=0.1, group_features=None, group_names=None, feature_selection=True, feature_selection_threshold=0.8, feature_selection_method=classic, feature_interaction=False, feature_ratio=False, interaction_threshold=0.01, fix_imbalance=False, fix_imbalance_method=None, transform_target=False, transform_target_method=box-cox, data_split_shuffle=True, data_split_stratify=False, fold_strategy=stratifiedkfold, fold=10, fold_shuffle=False, fold_groups=None, n_jobs=-1, use_gpu=False, custom_pipeline=None, html=True, session_id=None, log_experiment=False, experiment_name=None, log_plots=False, log_profile=False, log_data=False, silent=False, verbose=True, profile=False, profile_kwargs=None, display=None)
2021-01-17 21:05:16,258:INFO:Checking environment
2021-01-17 21:05:16,258:INFO:python_version: 3.7.6
2021-01-17 21:05:16,258:INFO:python_build: ('default', 'Jan  8 2020 20:23:39')
2021-01-17 21:05:16,258:INFO:machine: AMD64
2021-01-17 21:05:16,259:INFO:platform: Windows-10-10.0.19041-SP0
2021-01-17 21:05:16,259:INFO:Memory: svmem(total=8468795392, available=3202072576, percent=62.2, used=5266722816, free=3202072576)
2021-01-17 21:05:16,260:INFO:Physical Core: 2
2021-01-17 21:05:16,260:INFO:Logical Core: 4
2021-01-17 21:05:16,260:INFO:Checking libraries
2021-01-17 21:05:16,261:INFO:pd==1.2.0
2021-01-17 21:05:16,261:INFO:numpy==1.18.1
2021-01-17 21:05:16,262:INFO:sklearn==0.23.2
2021-01-17 21:05:16,716:INFO:xgboost==1.3.1
2021-01-17 21:05:16,716:INFO:lightgbm==3.1.1
2021-01-17 21:05:16,749:INFO:catboost==0.24.4
2021-01-17 21:05:18,628:INFO:mlflow==1.13.1
2021-01-17 21:05:18,628:INFO:Checking Exceptions
2021-01-17 21:05:18,628:INFO:Declaring global variables
2021-01-17 21:05:18,628:INFO:USI: 8407
2021-01-17 21:05:18,628:INFO:pycaret_globals: {'USI', 'fold_shuffle_param', 'target_param', 'html_param', '_ml_usecase', '_internal_pipeline', 'experiment__', 'gpu_param', '_gpu_n_jobs_param', 'imputation_regressor', 'create_model_container', 'seed', 'X', 'fix_imbalance_method_param', 'imputation_classifier', '_all_models', 'y', 'fix_imbalance_param', 'pycaret_globals', 'master_model_container', 'y_train', 'logging_param', 'fold_groups_param', 'X_test', '_all_models_internal', 'y_test', 'stratify_param', '_all_metrics', 'exp_name_log', 'X_train', 'fold_param', 'log_plots_param', 'prep_pipe', 'transform_target_method_param', '_available_plots', 'transform_target_param', 'iterative_imputation_iters_param', 'display_container', 'fold_generator', 'data_before_preprocess', 'n_jobs_param'}
2021-01-17 21:05:18,628:INFO:Preparing display monitor
2021-01-17 21:05:18,628:INFO:Preparing display monitor
2021-01-17 21:05:18,663:INFO:Importing libraries
2021-01-17 21:05:18,666:INFO:Copying data for preprocessing
2021-01-17 21:05:18,691:INFO:Declaring preprocessing parameters
2021-01-17 21:05:18,695:INFO:Creating preprocessing pipeline
2021-01-17 21:05:18,717:INFO:Preprocessing pipeline created successfully
2021-01-17 21:05:18,718:ERROR:(Process Exit): setup has been interupted with user command 'quit'. setup must rerun.
2021-01-17 21:05:18,719:INFO:Creating global containers
2021-01-17 21:05:18,724:INFO:Internal pipeline: Pipeline(memory=None, steps=[('empty_step', 'passthrough')], verbose=False)
2021-01-17 21:06:08,116:INFO:PyCaret Supervised Module
2021-01-17 21:06:08,117:INFO:ML Usecase: classification
2021-01-17 21:06:08,118:INFO:version 2.2.3
2021-01-17 21:06:08,119:INFO:Initializing setup()
2021-01-17 21:06:08,119:INFO:setup(target=c, ml_usecase=classification, available_plots={'parameter': 'Hyperparameters', 'auc': 'AUC', 'confusion_matrix': 'Confusion Matrix', 'threshold': 'Threshold', 'pr': 'Precision Recall', 'error': 'Prediction Error', 'class_report': 'Class Report', 'rfe': 'Feature Selection', 'learning': 'Learning Curve', 'manifold': 'Manifold Learning', 'calibration': 'Calibration Curve', 'vc': 'Validation Curve', 'dimension': 'Dimensions', 'feature': 'Feature Importance', 'feature_all': 'Feature Importance (All)', 'boundary': 'Decision Boundary', 'lift': 'Lift Chart', 'gain': 'Gain Chart', 'tree': 'Decision Tree'}, train_size=0.7, test_data=None, preprocess=True, imputation_type=simple, iterative_imputation_iters=5, categorical_features=None, categorical_imputation=constant, categorical_iterative_imputer=lightgbm, ordinal_features=None, high_cardinality_features=None, high_cardinality_method=frequency, numeric_features=None, numeric_imputation=mean, numeric_iterative_imputer=lightgbm, date_features=None, ignore_features=None, normalize=False, normalize_method=zscore, transformation=False, transformation_method=yeo-johnson, handle_unknown_categorical=True, unknown_categorical_method=least_frequent, pca=False, pca_method=linear, pca_components=None, ignore_low_variance=False, combine_rare_levels=False, rare_level_threshold=0.1, bin_numeric_features=None, remove_outliers=False, outliers_threshold=0.05, remove_multicollinearity=False, multicollinearity_threshold=0.9, remove_perfect_collinearity=True, create_clusters=False, cluster_iter=20, polynomial_features=False, polynomial_degree=2, trigonometry_features=False, polynomial_threshold=0.1, group_features=None, group_names=None, feature_selection=True, feature_selection_threshold=0.8, feature_selection_method=classic, feature_interaction=False, feature_ratio=False, interaction_threshold=0.01, fix_imbalance=False, fix_imbalance_method=None, transform_target=False, transform_target_method=box-cox, data_split_shuffle=True, data_split_stratify=False, fold_strategy=stratifiedkfold, fold=10, fold_shuffle=False, fold_groups=None, n_jobs=-1, use_gpu=False, custom_pipeline=None, html=True, session_id=None, log_experiment=False, experiment_name=None, log_plots=False, log_profile=False, log_data=False, silent=False, verbose=True, profile=False, profile_kwargs=None, display=None)
2021-01-17 21:06:08,119:INFO:Checking environment
2021-01-17 21:06:08,119:INFO:python_version: 3.7.6
2021-01-17 21:06:08,121:INFO:python_build: ('default', 'Jan  8 2020 20:23:39')
2021-01-17 21:06:08,121:INFO:machine: AMD64
2021-01-17 21:06:08,122:INFO:platform: Windows-10-10.0.19041-SP0
2021-01-17 21:06:08,122:INFO:Memory: svmem(total=8468795392, available=3072712704, percent=63.7, used=5396082688, free=3072712704)
2021-01-17 21:06:08,123:INFO:Physical Core: 2
2021-01-17 21:06:08,128:INFO:Logical Core: 4
2021-01-17 21:06:08,128:INFO:Checking libraries
2021-01-17 21:06:08,129:INFO:pd==1.2.0
2021-01-17 21:06:08,129:INFO:numpy==1.18.1
2021-01-17 21:06:08,130:INFO:sklearn==0.23.2
2021-01-17 21:06:08,549:INFO:xgboost==1.3.1
2021-01-17 21:06:08,549:INFO:lightgbm==3.1.1
2021-01-17 21:06:08,584:INFO:catboost==0.24.4
2021-01-17 21:06:10,620:INFO:mlflow==1.13.1
2021-01-17 21:06:10,620:INFO:Checking Exceptions
2021-01-17 21:06:10,620:INFO:Declaring global variables
2021-01-17 21:06:10,620:INFO:USI: acd8
2021-01-17 21:06:10,620:INFO:pycaret_globals: {'_all_models', 'X', '_internal_pipeline', 'pycaret_globals', 'create_model_container', 'master_model_container', '_all_models_internal', 'prep_pipe', 'iterative_imputation_iters_param', 'fold_generator', 'X_test', 'experiment__', 'fold_groups_param', 'stratify_param', 'gpu_param', 'USI', 'fold_param', 'target_param', 'html_param', 'exp_name_log', 'log_plots_param', 'imputation_regressor', 'transform_target_method_param', 'y_train', 'fix_imbalance_param', 'logging_param', 'X_train', 'fix_imbalance_method_param', 'n_jobs_param', '_gpu_n_jobs_param', 'y', 'fold_shuffle_param', 'transform_target_param', '_available_plots', 'data_before_preprocess', 'seed', 'y_test', '_ml_usecase', 'display_container', 'imputation_classifier', '_all_metrics'}
2021-01-17 21:06:10,620:INFO:Preparing display monitor
2021-01-17 21:06:10,620:INFO:Preparing display monitor
2021-01-17 21:06:10,669:INFO:Importing libraries
2021-01-17 21:06:10,669:INFO:Copying data for preprocessing
2021-01-17 21:06:10,705:INFO:Declaring preprocessing parameters
2021-01-17 21:06:10,708:INFO:Creating preprocessing pipeline
2021-01-17 21:06:10,733:INFO:Preprocessing pipeline created successfully
2021-01-17 21:06:10,733:ERROR:(Process Exit): setup has been interupted with user command 'quit'. setup must rerun.
2021-01-17 21:06:10,734:INFO:Creating global containers
2021-01-17 21:06:10,737:INFO:Internal pipeline: Pipeline(memory=None, steps=[('empty_step', 'passthrough')], verbose=False)
2021-01-17 21:06:18,949:INFO:Initializing compare_models()
2021-01-17 21:06:18,949:INFO:compare_models(include=None, fold=None, round=4, cross_validation=True, sort=Accuracy, n_select=1, budget_time=None, turbo=True, errors=ignore, fit_kwargs=None, groups=None, verbose=True, display=None, exclude=None)
2021-01-17 21:06:18,949:INFO:Checking exceptions
